
ROM used:   340/32768 (1%)
            340/32768 (1%) including unused fragments

            0.2 Average locations per line
            1.8 Average locations per statement

RAM used:   19/2048 (1%) at main() level
            25/2048 (1%) worst case

Stack used: 0 worst case (0 in main + 0 for interrupts)
Stack size: 31

Lines Stmts  %   Files
----- ----- ---  -----
    8     4   2  401.c
  463   186  98  ..\..\TTVXL_TH\tv_pickit2_shift_1.c
   72     0   0  ..\..\TTVXL_TH\tv_pickit2_shift_1.h
  876     0   0  C:\Program Files (x86)\PICC\Devices\18f4550.h
----- -----
 1419   190 Total

Page ROM  %  RAM    Vol Diff  Functions:
---- --- --- ---    --- ----  ----------
0     48   7    2    234  4.3  xuat_1byte
0     22   3    4    131  2.8  xuat_1word
0     88  13    0    396  1.4  xoa_tat_6module
0     58   9    0    253  2.3  set_up_port_ic_chot
0     36   5    4    160  1.8  xuat_4led_7doan_4so
0     84  12    0     72  1.9  MAIN
 Inline         0             @cinit1

Program metrics:
    Functions               6
    Statements              190
    Comments                273
    Volume (V)              1878
    Difficulty (D)          14.7
    Effort to implement (E) 27612
    Time to implement (T)   26 minutes
    Est Delivered Bugs (B)  0
    Cyclomatic Complexity   1
    Maintainability (MI)    42

 Segment     Used  Free
-----------  ----  ----
00000-00002     4  0  
00004-07FFE   336  32428  



