
ROM used:   662/32768 (2%)
            662/32768 (2%) including unused fragments

            0.5 Average locations per line
            3.2 Average locations per statement

RAM used:   22/2048 (1%) at main() level
            28/2048 (1%) worst case

Stack used: 0 worst case (0 in main + 0 for interrupts)
Stack size: 31

Lines Stmts  %   Files
----- ----- ---  -----
   34    24  11  406.c
  463   186  89  ..\..\TTVXL_TH\tv_pickit2_shift_1.c
   72     0   0  ..\..\TTVXL_TH\tv_pickit2_shift_1.h
  876     0   0  C:\Program Files (x86)\PICC\Devices\18f4550.h
----- -----
 1445   210 Total

Page ROM  %  RAM    Vol Diff  Functions:
---- --- --- ---    --- ----  ----------
0     38   3    1             @delay_ms1
0     32   2    0             @const750
0     38   3    2    234  4.3  xuat_1byte
0     22   2    4    131  2.8  xuat_1word
0     88   7    0    396  1.4  xoa_tat_6module
0     58   4    0    253  2.3  set_up_port_ic_chot
0     34   3    4    160  1.8  xuat_4led_7doan_4so
0    276  21    2    692  8.6  MAIN
0     72   5    4             @DIVS88
 Inline         0             @cinit1

Program metrics:
    Functions               6
    Statements              210
    Comments                273
    Volume (V)              2725
    Difficulty (D)          20.7
    Effort to implement (E) 56512
    Time to implement (T)   52 minutes
    Est Delivered Bugs (B)  0
    Cyclomatic Complexity   5
    Maintainability (MI)    39

 Segment     Used  Free
-----------  ----  ----
00000-00002     4  0  
00004-07FFE   658  32106  



