
ROM used:   432/32768 (1%)
            432/32768 (1%) including unused fragments

            0.3 Average locations per line
            2.2 Average locations per statement

RAM used:   22/2048 (1%) at main() level
            27/2048 (1%) worst case

Stack used: 0 worst case (0 in main + 0 for interrupts)
Stack size: 31

Lines Stmts  %   Files
----- ----- ---  -----
   25    14   7  BAI_304_STD_PST_8LED.c
  463   186  93  ..\..\TTVXL_TH\tv_pickit2_shift_1.c
   72     0   0  ..\..\TTVXL_TH\tv_pickit2_shift_1.h
  876     0   0  C:\Program Files (x86)\PICC\Devices\18f4550.h
----- -----
 1436   200 Total

Page ROM  %  RAM    Vol Diff  Functions:
---- --- --- ---    --- ----  ----------
0     38   4    1             @delay_ms1
0     48   6    2    234  4.3  xuat_1byte
0     34   4    4    160  1.8  xuat_32led_don_4byte
0     22   3    4    131  2.8  xuat_1word
0     88  10    0    396  1.4  xoa_tat_6module
0     58   7    0    253  2.3  set_up_port_ic_chot
0    140  16    1    464  5.2  MAIN
 Inline         0             @cinit1

Program metrics:
    Functions               6
    Statements              200
    Comments                273
    Volume (V)              2438
    Difficulty (D)          17.6
    Effort to implement (E) 42946
    Time to implement (T)   40 minutes
    Est Delivered Bugs (B)  0
    Cyclomatic Complexity   3
    Maintainability (MI)    40

 Segment     Used  Free
-----------  ----  ----
00000-00002     4  0  
00004-07FFE   428  32336  



