
ROM used:   2108/32768 (6%)
            2108/32768 (6%) including unused fragments

            1.3 Average locations per line
            7.0 Average locations per statement

RAM used:   39/2048 (2%) at main() level
            61/2048 (3%) worst case

Stack used: 2 worst case (2 in main + 0 for interrupts)
Stack size: 31

Lines Stmts  %   Files
----- ----- ---  -----
  176   116  38  BAI_5_10STYLE.c
  463   186  62  ..\..\TTVXL_TH\tv_pickit2_shift_1.c
   72     0   0  ..\..\TTVXL_TH\tv_pickit2_shift_1.h
  876     0   0  C:\Program Files (x86)\PICC\Devices\18f4550.h
----- -----
 1587   302 Total

Page ROM  %  RAM    Vol Diff  Functions:
---- --- --- ---    --- ----  ----------
0     38   1    1             @delay_ms1
0     48   1    2    234  4.3  xuat_1byte
0     34   1    4    160  1.8  xuat_32led_don_4byte
0     22   1    4    131  2.8  xuat_1word
0     88   2    0    396  1.4  xoa_tat_6module
0     58   1    0    253  2.3  set_up_port_ic_chot
0     80   2    0    209  3.6  KIEU1
0    114   3   15    199  4.0  KIEU2
0    114   3   15    201  4.5  KIEU3
0     88   2    0    181  4.0  KIEU4
0    204   5   15    395  5.2  KIEU5
0    314   7   15    619  5.8  KIEU6
0    216   5   15    474  5.2  KIEU7
0    206   5   15    472  4.7  KIEU8
0    246   6   16    580  5.3  KIEU9
0    148   4    1    623  3.8  KIEU10
0     86   2    0    163  1.7  MAIN
 Inline         0             @cinit1

Program metrics:
    Functions               16
    Statements              302
    Comments                287
    Volume (V)              9121
    Difficulty (D)          60.7
    Effort to implement (E) 553577
    Time to implement (T)   8 hours, 33 minutes
    Est Delivered Bugs (B)  2
    Cyclomatic Complexity   13
    Maintainability (MI)    104

 Segment     Used  Free
-----------  ----  ----
00000-00002     4  0  
00004-07FFE  2104  30660  



