
ROM used:   390/32768 (1%)
            390/32768 (1%) including unused fragments

            0.3 Average locations per line
            2.0 Average locations per statement

RAM used:   20/2048 (1%) at main() level
            26/2048 (1%) worst case

Stack used: 0 worst case (0 in main + 0 for interrupts)
Stack size: 31

Lines Stmts  %   Files
----- ----- ---  -----
   15     7   4  BAI_303_CHOPTAT_32LED.c
  463   186  96  ..\..\TTVXL_TH\tv_pickit2_shift_1.c
   72     0   0  ..\..\TTVXL_TH\tv_pickit2_shift_1.h
  876     0   0  C:\Program Files (x86)\PICC\Devices\18f4550.h
----- -----
 1426   193 Total

Page ROM  %  RAM    Vol Diff  Functions:
---- --- --- ---    --- ----  ----------
0     40   5    1             @delay_ms1
0     48   6    2    234  4.3  xuat_1byte
0     36   5    4    160  1.8  xuat_32led_don_4byte
0     22   3    4    131  2.8  xuat_1word
0     88  11    0    396  1.4  xoa_tat_6module
0     58   7    0    253  2.3  set_up_port_ic_chot
0     94  12    0    143  3.0  MAIN
 Inline         0             @cinit1

Program metrics:
    Functions               6
    Statements              193
    Comments                273
    Volume (V)              1994
    Difficulty (D)          15.6
    Effort to implement (E) 31051
    Time to implement (T)   29 minutes
    Est Delivered Bugs (B)  0
    Cyclomatic Complexity   1
    Maintainability (MI)    42

 Segment     Used  Free
-----------  ----  ----
00000-00002     4  0  
00004-07FFE   386  32378  



